<?xml version="1.0" encoding="UTF-8"?>
<!-- Generated by org.testng.reporters.JUnitXMLReporter -->
<testsuite hostname="Mds-MacBook-Pro.domain.actdsltmp" name="Default test" tests="8" failures="0" timestamp="5 Nov 2016 18:15:40 GMT" time="0.068" errors="0">
  <testcase name="testSubWithNegativeAndPositiveNumbers" time="0.012" classname="testCalculator.CalculatorSubtruct"/>
  <testcase name="testSubWithNegativeNumberandZero" time="0.002" classname="testCalculator.CalculatorSubtruct"/>
  <testcase name="testSubWithNegtiveNumbers" time="0.002" classname="testCalculator.CalculatorSubtruct"/>
  <testcase name="testSubWithPositiveAndNegativeNumbers" time="0.003" classname="testCalculator.CalculatorSubtruct"/>
  <testcase name="testSubWithPositiveNumberAndZero" time="0.002" classname="testCalculator.CalculatorSubtruct"/>
  <testcase name="testSubWithPositiveNumbers" time="0.002" classname="testCalculator.CalculatorSubtruct"/>
  <testcase name="testSubWithZeroAndNegativeNumber" time="0.002" classname="testCalculator.CalculatorSubtruct"/>
  <testcase name="testSubWithZeroAndPositiveNumber" time="0.002" classname="testCalculator.CalculatorSubtruct"/>
</testsuite> <!-- Default test -->
